[    0.000000] Initializing cgroup subsys cpuset
[    0.000000] Initializing cgroup subsys cpu
[    0.000000] Initializing cgroup subsys cpuacct
[    0.000000] Linux version 4.4.0-210-generic (buildd@lgw01-amd64-009) (gcc version 5.4.0 20160609 (Ubuntu 5.4.0-6ubuntu1~16.04.12) ) #242-Ubuntu SMP Fri Apr 16 09:57:56 UTC 2021 (Ubuntu 4.4.0-210.242-generic 4.4.262)
[    0.000000] Command line: BOOT_IMAGE=/boot/vmlinuz-4.4.0-210-generic root=LABEL=cloudimg-rootfs ro console=tty1 console=ttyS0
[    0.000000] KERNEL supported cpus:
[    0.000000]   Intel GenuineIntel
[    0.000000]   AMD AuthenticAMD
[    0.000000]   Centaur CentaurHauls
[    0.000000] [Firmware Bug]: TSC doesn't count with P0 frequency!
[    0.000000] x86/fpu: xstate_offset[2]:  576, xstate_sizes[2]:  256
[    0.000000] x86/fpu: Supporting XSAVE feature 0x01: 'x87 floating point registers'
[    0.000000] x86/fpu: Supporting XSAVE feature 0x02: 'SSE registers'
[    0.000000] x86/fpu: Supporting XSAVE feature 0x04: 'AVX registers'
[    0.000000] x86/fpu: Enabled xstate features 0x7, context size is 832 bytes, using 'standard' format.
[    0.000000] e820: BIOS-provided physical RAM map:
[    0.000000] BIOS-e820: [mem 0x0000000000000000-0x000000000009fbff] usable
[    0.000000] BIOS-e820: [mem 0x000000000009fc00-0x000000000009ffff] reserved
[    0.000000] BIOS-e820: [mem 0x00000000000f0000-0x00000000000fffff] reserved
[    0.000000] BIOS-e820: [mem 0x0000000000100000-0x000000001ffeffff] usable
[    0.000000] BIOS-e820: [mem 0x000000001fff0000-0x000000001fffffff] ACPI data
[    0.000000] BIOS-e820: [mem 0x00000000fec00000-0x00000000fec00fff] reserved
[    0.000000] BIOS-e820: [mem 0x00000000fee00000-0x00000000fee00fff] reserved
[    0.000000] BIOS-e820: [mem 0x00000000fffc0000-0x00000000ffffffff] reserved
[    0.000000] NX (Execute Disable) protection: active
[    0.000000] SMBIOS 2.5 present.
[    0.000000] Hypervisor detected: KVM
[    0.000000] Kernel/User page tables isolation: disabled
[    0.000000] e820: last_pfn = 0x1fff0 max_arch_pfn = 0x400000000
[    0.000000] MTRR: Disabled
[    0.000000] x86/PAT: MTRRs disabled, skipping PAT initialization too.
[    0.000000] CPU MTRRs all blank - virtualized system.
[    0.000000] x86/PAT: Configuration [0-7]: WB  WT  UC- UC  WB  WT  UC- UC  
[    0.000000] found SMP MP-table at [mem 0x0009fff0-0x0009ffff] mapped at [ffff88000009fff0]
[    0.000000] Scanning 1 areas for low memory corruption
[    0.000000] RAMDISK: [mem 0x1e95d000-0x1f7e6fff]
[    0.000000] ACPI: Early table checksum verification disabled
[    0.000000] ACPI: RSDP 0x00000000000E0000 000024 (v02 VBOX  )
[    0.000000] ACPI: XSDT 0x000000001FFF0030 00003C (v01 VBOX   VBOXXSDT 00000001 ASL  00000061)
[    0.000000] ACPI: FACP 0x000000001FFF00F0 0000F4 (v04 VBOX   VBOXFACP 00000001 ASL  00000061)
[    0.000000] ACPI: DSDT 0x000000001FFF0470 002325 (v02 VBOX   VBOXBIOS 00000002 INTL 20100528)
[    0.000000] ACPI: FACS 0x000000001FFF0200 000040
[    0.000000] ACPI: FACS 0x000000001FFF0200 000040
[    0.000000] ACPI: APIC 0x000000001FFF0240 000054 (v02 VBOX   VBOXAPIC 00000001 ASL  00000061)
[    0.000000] ACPI: SSDT 0x000000001FFF02A0 0001CC (v01 VBOX   VBOXCPUT 00000002 INTL 20100528)
[    0.000000] No NUMA configuration found
[    0.000000] Faking a node at [mem 0x0000000000000000-0x000000001ffeffff]
[    0.000000] NODE_DATA(0) allocated [mem 0x1ffeb000-0x1ffeffff]
[    0.000000] kvm-clock: Using msrs 4b564d01 and 4b564d00
[    0.000000] kvm-clock: cpu 0, msr 0:1ffe3001, primary cpu clock
[    0.000000] kvm-clock: using sched offset of 3754661391 cycles
[    0.000000] clocksource: kvm-clock: mask: 0xffffffffffffffff max_cycles: 0x1cd42e4dffb, max_idle_ns: 881590591483 ns
[    0.000000] Zone ranges:
[    0.000000]   DMA      [mem 0x0000000000001000-0x0000000000ffffff]
[    0.000000]   DMA32    [mem 0x0000000001000000-0x000000001ffeffff]
[    0.000000]   Normal   empty
[    0.000000]   Device   empty
[    0.000000] Movable zone start for each node
[    0.000000] Early memory node ranges
[    0.000000]   node   0: [mem 0x0000000000001000-0x000000000009efff]
[    0.000000]   node   0: [mem 0x0000000000100000-0x000000001ffeffff]
[    0.000000] Initmem setup node 0 [mem 0x0000000000001000-0x000000001ffeffff]
[    0.000000] ACPI: PM-Timer IO Port: 0x4008
[    0.000000] IOAPIC[0]: apic_id 1, version 32, address 0xfec00000, GSI 0-23
[    0.000000] ACPI: INT_SRC_OVR (bus 0 bus_irq 0 global_irq 2 dfl dfl)
[    0.000000] ACPI: INT_SRC_OVR (bus 0 bus_irq 9 global_irq 9 low level)
[    0.000000] Using ACPI (MADT) for SMP configuration information
[    0.000000] smpboot: Allowing 1 CPUs, 0 hotplug CPUs
[    0.000000] PM: Registered nosave memory: [mem 0x00000000-0x00000fff]
[    0.000000] PM: Registered nosave memory: [mem 0x0009f000-0x0009ffff]
[    0.000000] PM: Registered nosave memory: [mem 0x000a0000-0x000effff]
[    0.000000] PM: Registered nosave memory: [mem 0x000f0000-0x000fffff]
[    0.000000] e820: [mem 0x20000000-0xfebfffff] available for PCI devices
[    0.000000] Booting paravirtualized kernel on KVM
[    0.000000] clocksource: refined-jiffies: mask: 0xffffffff max_cycles: 0xffffffff, max_idle_ns: 7645519600211568 ns
[    0.000000] setup_percpu: NR_CPUS:512 nr_cpumask_bits:512 nr_cpu_ids:1 nr_node_ids:1
[    0.000000] PERCPU: Embedded 33 pages/cpu @ffff88001fc00000 s95192 r8192 d31784 u2097152
[    0.000000] Built 1 zonelists in Node order, mobility grouping on.  Total pages: 128888
[    0.000000] Policy zone: DMA32
[    0.000000] Kernel command line: BOOT_IMAGE=/boot/vmlinuz-4.4.0-210-generic root=LABEL=cloudimg-rootfs ro console=tty1 console=ttyS0
[    0.000000] PID hash table entries: 2048 (order: 2, 16384 bytes)
[    0.000000] Memory: 481844K/523832K available (8644K kernel code, 1332K rwdata, 4044K rodata, 1492K init, 1164K bss, 41988K reserved, 0K cma-reserved)
[    0.000000] SLUB: HWalign=64, Order=0-3, MinObjects=0, CPUs=1, Nodes=1
[    0.000000] Hierarchical RCU implementation.
[    0.000000] 	Build-time adjustment of leaf fanout to 64.
[    0.000000] 	RCU restricting CPUs from NR_CPUS=512 to nr_cpu_ids=1.
[    0.000000] RCU: Adjusting geometry for rcu_fanout_leaf=64, nr_cpu_ids=1
[    0.000000] NR_IRQS:33024 nr_irqs:256 16
[    0.000000] Console: colour VGA+ 80x25
[    0.000000] console [tty1] enabled
[    0.000000] console [ttyS0] enabled
[    0.000000] tsc: Detected 3193.988 MHz processor
[    0.126376] Calibrating delay loop (skipped) preset value.. 6387.97 BogoMIPS (lpj=12775952)
[    0.127899] pid_max: default: 32768 minimum: 301
[    0.128802] ACPI: Core revision 20150930
[    0.130462] ACPI: 2 ACPI AML tables successfully acquired and loaded
[    0.131670] Security Framework initialized
[    0.132399] Yama: becoming mindful.
[    0.133065] AppArmor: AppArmor initialized
[    0.133882] Dentry cache hash table entries: 65536 (order: 7, 524288 bytes)
[    0.135273] Inode-cache hash table entries: 32768 (order: 6, 262144 bytes)
[    0.136628] Mount-cache hash table entries: 1024 (order: 1, 8192 bytes)
[    0.137742] Mountpoint-cache hash table entries: 1024 (order: 1, 8192 bytes)
[    0.139163] Initializing cgroup subsys io
[    0.139918] Initializing cgroup subsys memory
[    0.140727] Initializing cgroup subsys devices
[    0.141564] Initializing cgroup subsys freezer
[    0.142439] Initializing cgroup subsys net_cls
[    0.143308] Initializing cgroup subsys perf_event
[    0.144172] Initializing cgroup subsys net_prio
[    0.145010] Initializing cgroup subsys hugetlb
[    0.145862] Initializing cgroup subsys pids
[    0.146786] CPU0: Hyper-Threading is disabled
[    0.153173] mce: CPU supports 0 MCE banks
[    0.154037] Last level iTLB entries: 4KB 1024, 2MB 1024, 4MB 512
[    0.155111] Last level dTLB entries: 4KB 1536, 2MB 1536, 4MB 768, 1GB 0
[    0.156238] Spectre V1 : Mitigation: usercopy/swapgs barriers and __user pointer sanitization
[    0.157796] Spectre V2 : Spectre mitigation: LFENCE not serializing, switching to generic retpoline
[    0.159575] Spectre V2 : Mitigation: Full generic retpoline
[    0.160565] Spectre V2 : Spectre v2 / SpectreRSB mitigation: Filling RSB on context switch
[    0.162168] Speculative Store Bypass: Mitigation: Speculative Store Bypass disabled via prctl and seccomp
[    0.180522] Freeing SMP alternatives memory: 36K
[    0.187514] ftrace: allocating 32380 entries in 127 pages
[    0.252093] smpboot: APIC(0) Converting physical 0 to logical package 0
[    0.253389] smpboot: Max logical packages: 1
[    0.254448] x2apic enabled
[    0.255209] Switched APIC routing to physical x2apic.
[    0.257072] ..TIMER: vector=0x30 apic1=0 pin1=2 apic2=-1 pin2=-1
[    0.366172] APIC calibration not consistent with PM-Timer: 104ms instead of 100ms
[    0.367696] APIC delta adjusted to PM-Timer: 6258456 (6510383)
[    0.368814] smpboot: CPU0: AMD Ryzen 5 1600 Six-Core Processor (family: 0x17, model: 0x8, stepping: 0x2)
[    0.370602] Performance Events: Broken PMU hardware detected, using software events only.
[    0.373193] Failed to access perfctr msr (MSR c0010007 is 0)
[    0.381450] KVM setup paravirtual spinlock
[    0.383105] x86: Booted up 1 node, 1 CPUs
[    0.384028] smpboot: Total of 1 processors activated (6387.97 BogoMIPS)
[    0.385944] devtmpfs: initialized
[    0.388442] evm: security.selinux
[    0.389264] evm: security.SMACK64
[    0.390043] evm: security.SMACK64EXEC
[    0.390714] evm: security.SMACK64TRANSMUTE
[    0.391436] evm: security.SMACK64MMAP
[    0.392088] evm: security.ima
[    0.392667] evm: security.capability
[    0.393564] clocksource: jiffies: mask: 0xffffffff max_cycles: 0xffffffff, max_idle_ns: 7645041785100000 ns
[    0.395286] futex hash table entries: 256 (order: 2, 16384 bytes)
[    0.396592] pinctrl core: initialized pinctrl subsystem
[    0.397714] RTC time: 17:34:30, date: 08/18/21
[    0.398794] NET: Registered protocol family 16
[    0.400063] cpuidle: using governor ladder
[    0.400941] cpuidle: using governor menu
[    0.401756] PCCT header not found.
[    0.402854] ACPI: bus type PCI registered
[    0.403745] acpiphp: ACPI Hot Plug PCI Controller Driver version: 0.5
[    0.404949] PCI: Using configuration type 1 for base access
[    0.406239] PCI: Using configuration type 1 for extended access
[    0.408244] ACPI: Added _OSI(Module Device)
[    0.409018] ACPI: Added _OSI(Processor Device)
[    0.410032] ACPI: Added _OSI(3.0 _SCP Extensions)
[    0.411127] ACPI: Added _OSI(Processor Aggregator Device)
[    0.412657] ACPI: Executed 1 blocks of module-level executable AML code
[    0.415568] ACPI: Interpreter enabled
[    0.416319] ACPI: (supports S0 S5)
[    0.417090] ACPI: Using IOAPIC for interrupt routing
[    0.418248] PCI: Using host bridge windows from ACPI; if necessary, use "pci=nocrs" and report a bug
[    0.422806] ACPI: PCI Root Bridge [PCI0] (domain 0000 [bus 00-ff])
[    0.423998] acpi PNP0A03:00: _OSC: OS supports [ExtendedConfig ASPM ClockPM Segments MSI]
[    0.426207] acpi PNP0A03:00: _OSC: platform does not support [PCIeCapability]
[    0.427791] acpi PNP0A03:00: _OSC: not requesting control; platform does not support [PCIeCapability]
[    0.429423] acpi PNP0A03:00: _OSC: OS requested [PCIeHotplug PME AER PCIeCapability]
[    0.430913] acpi PNP0A03:00: _OSC: platform willing to grant [PCIeHotplug PME AER]
[    0.432414] acpi PNP0A03:00: _OSC failed (AE_SUPPORT); disabling ASPM
[    0.441704] PCI host bridge to bus 0000:00
[    0.442581] pci_bus 0000:00: root bus resource [io  0x0000-0x0cf7 window]
[    0.443796] pci_bus 0000:00: root bus resource [io  0x0d00-0xffff window]
[    0.444988] pci_bus 0000:00: root bus resource [mem 0x000a0000-0x000bffff window]
[    0.446381] pci_bus 0000:00: root bus resource [mem 0x20000000-0xfdffffff window]
[    0.447743] pci_bus 0000:00: root bus resource [bus 00-ff]
[    0.450434] pci 0000:00:01.1: legacy IDE quirk: reg 0x10: [io  0x01f0-0x01f7]
[    0.451577] pci 0000:00:01.1: legacy IDE quirk: reg 0x14: [io  0x03f6]
[    0.452817] pci 0000:00:01.1: legacy IDE quirk: reg 0x18: [io  0x0170-0x0177]
[    0.454189] pci 0000:00:01.1: legacy IDE quirk: reg 0x1c: [io  0x0376]
[    0.473875] pci 0000:00:07.0: quirk: [io  0x4000-0x403f] claimed by PIIX4 ACPI
[    0.475496] pci 0000:00:07.0: quirk: [io  0x4100-0x410f] claimed by PIIX4 SMB
[    0.479237] ACPI: PCI Interrupt Link [LNKA] (IRQs 5 9 10 *11)
[    0.480907] ACPI: PCI Interrupt Link [LNKB] (IRQs 5 9 *10 11)
[    0.482341] ACPI: PCI Interrupt Link [LNKC] (IRQs 5 *9 10 11)
[    0.483705] ACPI: PCI Interrupt Link [LNKD] (IRQs 5 9 10 *11)
[    0.485159] ACPI: Enabled 2 GPEs in block 00 to 07
[    0.486305] vgaarb: setting as boot device: PCI:0000:00:02.0
[    0.487283] vgaarb: device added: PCI:0000:00:02.0,decodes=io+mem,owns=io+mem,locks=none
[    0.488688] vgaarb: loaded
[    0.489264] vgaarb: bridge control possible 0000:00:02.0
[    0.490361] SCSI subsystem initialized
[    0.491092] ACPI: bus type USB registered
[    0.491851] usbcore: registered new interface driver usbfs
[    0.492781] usbcore: registered new interface driver hub
[    0.493692] usbcore: registered new device driver usb
[    0.494694] PCI: Using ACPI for IRQ routing
[    0.495674] NetLabel: Initializing
[    0.496311] NetLabel:  domain hash size = 128
[    0.497123] NetLabel:  protocols = UNLABELED CIPSOv4
[    0.497980] NetLabel:  unlabeled traffic allowed by default
[    0.499018] amd_nb: Cannot enumerate AMD northbridges
[    0.499944] clocksource: Switched to clocksource kvm-clock
[    0.506752] AppArmor: AppArmor Filesystem Enabled
[    0.507735] pnp: PnP ACPI init
[    0.509195] pnp: PnP ACPI: found 3 devices
[    0.516422] clocksource: acpi_pm: mask: 0xffffff max_cycles: 0xffffff, max_idle_ns: 2085701024 ns
[    0.518015] NET: Registered protocol family 2
[    0.519103] TCP established hash table entries: 4096 (order: 3, 32768 bytes)
[    0.520527] TCP bind hash table entries: 4096 (order: 4, 65536 bytes)
[    0.521690] TCP: Hash tables configured (established 4096 bind 4096)
[    0.522911] UDP hash table entries: 256 (order: 1, 8192 bytes)
[    0.524013] UDP-Lite hash table entries: 256 (order: 1, 8192 bytes)
[    0.525221] NET: Registered protocol family 1
[    0.526100] pci 0000:00:00.0: Limiting direct PCI/PCI transfers
[    0.527241] pci 0000:00:01.0: Activating ISA DMA hang workarounds
[    0.529511] Unpacking initramfs...
[    0.735648] Freeing initrd memory: 14888K
[    0.736538] clocksource: tsc: mask: 0xffffffffffffffff max_cycles: 0x2e0a1a75d94, max_idle_ns: 440795268383 ns
[    0.738287] platform rtc_cmos: registered platform RTC device (no PNP device found)
[    0.739717] Scanning for low memory corruption every 60 seconds
[    0.740981] audit: initializing netlink subsys (disabled)
[    0.741871] audit: type=2000 audit(1629308076.047:1): initialized
[    0.743048] Initialise system trusted keyring
[    0.743876] HugeTLB registered 2 MB page size, pre-allocated 0 pages
[    0.745873] zbud: loaded
[    0.746727] VFS: Disk quotas dquot_6.6.0
[    0.747463] VFS: Dquot-cache hash table entries: 512 (order 0, 4096 bytes)
[    0.748729] squashfs: version 4.0 (2009/01/31) Phillip Lougher
[    0.749826] fuse init (API version 7.23)
[    0.750614] Key type big_key registered
[    0.751311] Allocating IMA MOK and blacklist keyrings.
[    0.752364] Key type asymmetric registered
[    0.753129] Asymmetric key parser 'x509' registered
[    0.754007] Block layer SCSI generic (bsg) driver version 0.4 loaded (major 249)
[    0.755400] io scheduler noop registered
[    0.756134] io scheduler deadline registered (default)
[    0.757090] io scheduler cfq registered
[    0.757932] pci_hotplug: PCI Hot Plug PCI Core version: 0.5
[    0.758897] pciehp: PCI Express Hot Plug Controller Driver version: 0.4
[    0.760114] ACPI: AC Adapter [AC] (on-line)
[    0.760945] input: Power Button as /devices/LNXSYSTM:00/LNXPWRBN:00/input/input0
[    0.762281] ACPI: Power Button [PWRF]
[    0.763010] input: Sleep Button as /devices/LNXSYSTM:00/LNXSLPBN:00/input/input1
[    0.764380] ACPI: Sleep Button [SLPF]
[    0.765180] GHES: HEST is not enabled!
[    0.765956] Serial: 8250/16550 driver, 32 ports, IRQ sharing enabled
[    0.787556] 00:02: ttyS0 at I/O 0x3f8 (irq = 4, base_baud = 115200) is a 16550A
[    0.789800] Linux agpgart interface v0.103
[    0.791390] loop: module loaded
[    0.792515] scsi host0: ata_piix
[    0.793197] scsi host1: ata_piix
[    0.793855] ata1: PATA max UDMA/33 cmd 0x1f0 ctl 0x3f6 bmdma 0xd000 irq 14
[    0.794990] ata2: PATA max UDMA/33 cmd 0x170 ctl 0x376 bmdma 0xd008 irq 15
[    0.796375] libphy: Fixed MDIO Bus: probed
[    0.797108] tun: Universal TUN/TAP device driver, 1.6
[    0.797965] tun: (C) 1999-2004 Max Krasnyansky <maxk@qualcomm.com>
[    0.799343] PPP generic driver version 2.4.2
[    0.800144] ehci_hcd: USB 2.0 'Enhanced' Host Controller (EHCI) Driver
[    0.801206] ehci-pci: EHCI PCI platform driver
[    0.802044] ehci-platform: EHCI generic platform driver
[    0.803098] ohci_hcd: USB 1.1 'Open' Host Controller (OHCI) Driver
[    0.804341] ohci-pci: OHCI PCI platform driver
[    0.805327] ohci-platform: OHCI generic platform driver
[    0.806199] uhci_hcd: USB Universal Host Controller Interface driver
[    0.807254] i8042: PNP: PS/2 Controller [PNP0303:PS2K,PNP0f03:PS2M] at 0x60,0x64 irq 1,12
[    0.809084] serio: i8042 KBD port at 0x60,0x64 irq 1
[    0.809919] serio: i8042 AUX port at 0x60,0x64 irq 12
[    0.810862] mousedev: PS/2 mouse device common for all mice
[    0.812023] input: AT Translated Set 2 keyboard as /devices/platform/i8042/serio0/input/input2
[    0.814151] rtc_cmos rtc_cmos: rtc core: registered rtc_cmos as rtc0
[    0.815328] rtc_cmos rtc_cmos: alarms up to one day, 114 bytes nvram
[    0.816351] i2c /dev entries driver
[    0.817044] device-mapper: uevent: version 1.0.3
[    0.817896] device-mapper: ioctl: 4.34.0-ioctl (2015-10-28) initialised: dm-devel@redhat.com
[    0.819448] ledtrig-cpu: registered to indicate activity on CPUs
[    0.820662] NET: Registered protocol family 10
[    0.821590] NET: Registered protocol family 17
[    0.822408] Key type dns_resolver registered
[    0.823330] registered taskstats version 1
[    0.824077] Loading compiled-in X.509 certificates
[    0.825416] Loaded X.509 cert 'Build time autogenerated kernel key: cf00e047681d67edb2720680708b7d9498083038'
[    0.827039] zswap: loaded using pool lzo/zbud
[    0.828938] Key type trusted registered
[    0.831496] Key type encrypted registered
[    0.832316] AppArmor: AppArmor sha1 policy hashing enabled
[    0.833211] ima: No TPM chip found, activating TPM-bypass!
[    0.834119] ima: Allocated hash algorithm: sha1
[    0.834891] evm: HMAC attrs: 0x1
[    0.835767]   Magic number: 1:199:593
[    0.836603] rtc_cmos rtc_cmos: setting system clock to 2021-08-18 17:34:30 UTC (1629308070)
[    0.838212] BIOS EDD facility v0.16 2004-Jun-25, 0 devices found
[    0.839246] EDD information not available.
[    0.994753] Freeing unused kernel memory: 1492K
[    0.995612] Write protecting the kernel read-only data: 14336k
[    0.996962] Freeing unused kernel memory: 1584K
[    0.997847] Freeing unused kernel memory: 52K
Loading, please wait...
starting version 229
[    1.007194] random: udevadm: uninitialized urandom read (16 bytes read, 3 bits of entropy available)
[    1.009189] random: systemd-udevd: uninitialized urandom read (16 bytes read, 3 bits of entropy available)
[    1.010885] random: systemd-udevd: uninitialized urandom read (16 bytes read, 3 bits of entropy available)
[    1.012517] random: systemd-udevd: uninitialized urandom read (16 bytes read, 3 bits of entropy available)
[    1.014198] random: udevadm: uninitialized urandom read (16 bytes read, 3 bits of entropy available)
[    1.016694] random: systemd-udevd: uninitialized urandom read (16 bytes read, 3 bits of entropy available)
[    1.024230] random: systemd-udevd: uninitialized urandom read (16 bytes read, 3 bits of entropy available)
[    1.025988] random: systemd-udevd: uninitialized urandom read (16 bytes read, 3 bits of entropy available)
[    1.027698] random: systemd-udevd: uninitialized urandom read (16 bytes read, 3 bits of entropy available)
[    1.031043] random: systemd-udevd: uninitialized urandom read (16 bytes read, 3 bits of entropy available)
[    1.081414] e1000: Intel(R) PRO/1000 Network Driver - version 7.3.21-k8-NAPI
[    1.082615] e1000: Copyright (c) 1999-2006 Intel Corporation.
[    1.086332] Fusion MPT base driver 3.04.20
[    1.087164] Copyright (c) 1999-2008 LSI Corporation
[    1.092080] Fusion MPT SPI Host driver 3.04.20
[    1.119902] AVX2 version of gcm_enc/dec engaged.
[    1.120795] AES CTR mode by8 optimization enabled
[    1.304738] input: ImExPS/2 Generic Explorer Mouse as /devices/platform/i8042/serio1/input/input4
[    1.465850] e1000 0000:00:03.0 eth0: (PCI:33MHz:32-bit) 02:a0:46:b5:71:eb
[    1.466955] e1000 0000:00:03.0 eth0: Intel(R) PRO/1000 Network Connection
[    1.469275] e1000 0000:00:03.0 enp0s3: renamed from eth0
[    1.471023] mptbase: ioc0: Initiating bringup
[    1.532367] ioc0: LSI53C1030 A0: Capabilities={Initiator}
[    1.693190] scsi host2: ioc0: LSI53C1030 A0, FwRev=00000000h, Ports=1, MaxQ=256, IRQ=20
[    1.804476] scsi 2:0:0:0: Direct-Access     VBOX     HARDDISK         1.0  PQ: 0 ANSI: 5
[    1.820411] scsi target2:0:0: Beginning Domain Validation
[    1.821875] scsi target2:0:0: Domain Validation skipping write tests
[    1.822933] scsi target2:0:0: Ending Domain Validation
[    1.823833] scsi target2:0:0: asynchronous
[    1.825095] scsi 2:0:1:0: Direct-Access     VBOX     HARDDISK         1.0  PQ: 0 ANSI: 5
[    1.826563] scsi target2:0:1: Beginning Domain Validation
[    1.828041] scsi target2:0:1: Domain Validation skipping write tests
[    1.829126] scsi target2:0:1: Ending Domain Validation
[    1.830007] scsi target2:0:1: asynchronous
[    1.833598] sd 2:0:0:0: Attached scsi generic sg0 type 0
[    1.834534] sd 2:0:0:0: [sda] 83886080 512-byte logical blocks: (42.9 GB/40.0 GiB)
[    1.836346] sd 2:0:1:0: [sdb] 20480 512-byte logical blocks: (10.5 MB/10.0 MiB)
[    1.837878] sd 2:0:1:0: Attached scsi generic sg1 type 0
[    1.838976] sd 2:0:1:0: [sdb] Write Protect is off
[    1.839816] sd 2:0:0:0: [sda] Write Protect is off
[    1.840843] sd 2:0:1:0: [sdb] Incomplete mode parameter data
[    1.842662] sd 2:0:1:0: [sdb] Assuming drive cache: write through
[    1.843702] sd 2:0:0:0: [sda] Incomplete mode parameter data
[    1.844716] sd 2:0:0:0: [sda] Assuming drive cache: write through
[    1.847263]  sda: sda1
[    1.848473] sd 2:0:1:0: [sdb] Attached SCSI disk
[    1.849401] sd 2:0:0:0: [sda] Attached SCSI disk
Begin: Loading essential drivers ... [    3.142431] md: linear personality registered for level -1
[    3.145494] md: multipath personality registered for level -4
[    3.148434] md: raid0 personality registered for level 0
[    3.151797] md: raid1 personality registered for level 1
[    3.220505] raid6: sse2x1   gen()  7387 MB/s
[    3.288433] raid6: sse2x1   xor()  7077 MB/s
[    3.356846] raid6: sse2x2   gen() 14854 MB/s
[    3.424358] raid6: sse2x2   xor()  9534 MB/s
[    3.492747] raid6: sse2x4   gen() 15554 MB/s
[    3.560217] raid6: sse2x4   xor()  8818 MB/s
[    3.628160] raid6: avx2x1   gen() 16787 MB/s
[    3.696121] raid6: avx2x2   gen() 22261 MB/s
[    3.764557] raid6: avx2x4   gen() 22496 MB/s
[    3.765348] raid6: using algorithm avx2x4 gen() 22496 MB/s
[    3.766289] raid6: using avx2x2 recovery algorithm
[    3.768571] xor: automatically using best checksumming function:
[    3.808061]    avx       : 10605.000 MB/sec
[    3.810250] async_tx: api initialized (async)
[    3.819500] md: raid6 personality registered for level 6
[    3.820458] md: raid5 personality registered for level 5
[    3.821345] md: raid4 personality registered for level 4
[    3.826494] md: raid10 personality registered for level 10
done.
Begin: Running /scripts/init-premount ... done.
Begin: Mounting root file system ... Begin: Running /scripts/local-top ... done.
Begin: Running /scripts/local-premount ... [    3.854827] Btrfs loaded
Scanning for Btrfs filesystems
done.
Warning: fsck not present, so skipping root file system
[    3.877237] EXT4-fs (sda1): mounted filesystem with ordered data mode. Opts: (null)
done.
Begin: Running /scripts/local-bottom ... done.
Begin: Running /scripts/init-bottom ... done.
[    3.991038] systemd[1]: systemd 229 running in system mode. (+PAM +AUDIT +SELINUX +IMA +APPARMOR +SMACK +SYSVINIT +UTMP +LIBCRYPTSETUP +GCRYPT +GNUTLS +ACL +XZ -LZ4 +SECCOMP +BLKID +ELFUTILS +KMOD -IDN)
[    3.993912] systemd[1]: Detected virtualization oracle.
[    3.994823] systemd[1]: Detected architecture x86-64.

Welcome to [1mUbuntu 16.04.7 LTS[0m!

[    3.998910] systemd[1]: Set hostname to <ubuntu>.
[    4.001872] systemd[1]: Initializing machine ID from random generator.
[    4.002947] systemd[1]: Installed transient /etc/machine-id file.
[    4.117744] systemd[1]: Created slice User and Session Slice.
[[0;32m  OK  [0m] Created slice User and Session Slice.
[    4.119575] systemd[1]: Listening on LVM2 poll daemon socket.
[[0;32m  OK  [0m] Listening on LVM2 poll daemon socket.
[    4.121325] systemd[1]: Started Trigger resolvconf update for networkd DNS.
[[0;32m  OK  [0m] Started Trigger resolvconf update for networkd DNS.
[    4.123387] systemd[1]: Listening on Syslog Socket.
[[0;32m  OK  [0m] Listening on Syslog Socket.
[    4.125084] systemd[1]: Listening on udev Kernel Socket.
[[0;32m  OK  [0m] Listening on udev Kernel Socket.
[    4.126774] systemd[1]: Listening on fsck to fsckd communication Socket.
[[0;32m  OK  [0m] Listening on fsck to fsckd communication Socket.
[    4.128790] systemd[1]: Listening on /dev/initctl Compatibility Named Pipe.
[[0;32m  OK  [0m] Listening on /dev/initctl Compatibility Named Pipe.
[    4.130835] systemd[1]: Reached target Encrypted Volumes.
[[0;32m  OK  [0m] Reached target Encrypted Volumes.
[    4.132538] systemd[1]: Listening on udev Control Socket.
[[0;32m  OK  [0m] Listening on udev Control Socket.
[    4.134507] systemd[1]: Created slice System Slice.
[[0;32m  OK  [0m] Created slice System Slice.
[    4.136280] systemd[1]: Created slice system-serial\x2dgetty.slice.
[[0;32m  OK  [0m] Created slice system-serial\x2dgetty.slice.
[    4.138163] systemd[1]: Reached target Slices.
[[0;32m  OK  [0m] Reached target Slices.
[    4.139695] systemd[1]: Listening on Device-mapper event daemon FIFOs.
[[0;32m  OK  [0m] Listening on Device-mapper event daemon FIFOs.
[    4.141695] systemd[1]: Started Forward Password Requests to Wall Directory Watch.
[[0;32m  OK  [0m] Started Forward Password Requests to Wall Directory Watch.
[    4.144150] systemd[1]: Listening on Journal Audit Socket.
[[0;32m  OK  [0m] Listening on Journal Audit Socket.
[    4.145906] systemd[1]: Reached target System Time Synchronized.
[[0;32m  OK  [0m] Reached target System Time Synchronized.
[    4.147692] systemd[1]: Reached target User and Group Name Lookups.
[[0;32m  OK  [0m] Reached target User and Group Name Lookups.
[    4.149831] systemd[1]: Listening on LVM2 metadata daemon socket.
[[0;32m  OK  [0m] Listening on LVM2 metadata daemon socket.
[    4.151930] systemd[1]: Listening on Journal Socket.
[[0;32m  OK  [0m] Listening on Journal Socket.
[    4.154271] systemd[1]: Starting Uncomplicated firewall...
         Starting Uncomplicated firewall...
[    4.156494] systemd[1]: Mounting Debug File System...
         Mounting Debug File System...
[    4.159707] systemd[1]: Mounting POSIX Message Queue File System...
         Mounting POSIX Message Queue File System...
[    4.163543] systemd[1]: Mounting Huge Pages File System...
         Mounting Huge Pages File System...
[    4.167622] systemd[1]: Starting Nameserver information manager...
         Starting Nameserver information manager...
[    4.171162] systemd[1]: Reached target Swap.
[[0;32m  OK  [0m] Reached target Swap.
[    4.173456] systemd[1]: Starting Set console keymap...
         Starting Set console keymap...
[    4.175520] systemd[1]: Starting Create list of required static device nodes for the current kernel...
         Starting Create list of required st... nodes for the current kernel...
[    4.179691] systemd[1]: Starting File System Check on Root Device...
         Starting File System Check on Root Device...
[    4.212728] systemd[1]: Starting Load Kernel Modules...
         Starting Load Kernel Modules...
[    4.215174] systemd[1]: Set up automount Arbitrary Executable File Formats File System Automount Point.
[[0;32m  OK  [0m] Set up automount Arbitrary Executab...ats File System Automount Point.
[    4.220288] systemd[1]: Listening on Journal Socket (/dev/log).
[[0;32m  OK  [0m] Listening on Journal Socket (/dev/log).
[    4.224627] systemd[1]: Starting Journal Service...
         Starting Journal Service...
[    4.229460] systemd[1]: Starting Monitoring of LVM2 mirrors, snapshots etc. using dmeventd or progress polling...
         Starting Monitoring of LVM2 mirrors... dmeventd or progress polling...
[    4.238638] systemd[1]: Mounted POSIX Message Queue File System.
[[0;32m  OK  [0m] Mounted POSIX Message Queue File System.
[    4.240607] systemd[1]: Mounted Huge Pages File System.
[[0;32m  OK  [0m] Mounted Huge Pages File System.
[    4.243224] Loading iSCSI transport class v2.0-870.
[    4.245030] systemd[1]: Mounted Debug File System.
[[0;32m  OK  [0m] Mounted Debug File System.
[    4.248520] systemd[1]: Started Uncomplicated firewall.
[[0;32m  OK  [0m] Started Uncomplicated firewall.
[    4.255783] systemd[1]: Started Create list of required static device nodes for the current kernel.
[[0;32m  OK  [0m] Started Create list of required sta...ce nodes for the current kernel.
[    4.262562] systemd[1]: Started File System Check on Root Device.
[[0;32m  OK  [0m[    4.265452] iscsi: registered transport (tcp)
] Started File System Check on Root Device.
[    4.267902] systemd[1]: Started Nameserver information manager.
[[0;32m  OK  [0m] Started Nameserver information manager.
[    4.275803] systemd[1]: Started File System Check Daemon to report status.
[[0;32m  OK  [0m] Started File System Check Daemon to report status.
[    4.282624] systemd[1]: Starting Remount Root and Kernel File Systems...
         Starting Remount Root and Kernel File Systems...
[    4.288466] systemd[1]: Starting Create Static Device Nodes in /dev...
         Starting Create Static Device Nodes in /dev...
[    4.292002] EXT4-fs (sda1): re-mounted. Opts: (null)
[    4.296589] systemd[1]: Started LVM2 metadata daemon.
[[0;32m  OK  [0m] Started LVM2 metadata daemon.
[    4.302077] systemd[1]: Started Remount Root and Kernel File Systems.
[[0;32m  OK  [0m] Started Remount Root and Kernel File Systems.
[    4.309244] systemd[1]: Starting udev Coldplug all Devices...
         Starting udev Coldplug all Devices...
[    4.313608] systemd[1]: Starting Load/Save Random Seed...
         Starting Load/Save Random Seed...
[    4.325922] systemd[1]: Started Load/Save Random Seed.
[[0;32m  OK  [0m] Started Load/Save Random Seed.
[    4.343911] systemd[1]: Started Create Static Device Nodes in /dev.
[[0;32m  OK  [0m] Started Create Static Device Nodes in /dev.
[    4.346521] systemd[1]: Starting udev Kernel Device Manager...
         Starting udev Kernel Device Manager...
[    4.352272] systemd[1]: Started Journal Service.
[[0;32m  OK  [0m] Started Journal Service.
         Starting Flush Journal to Persistent Storage...
[    4.368108] systemd-journald[391]: Received request to flush runtime journal from PID 1
[[0;32m  OK  [0m] Started Flush Journal to Persistent Storage.
[[0;32m  OK  [0m] Started udev Kernel Device Manager.
[    4.414164] iscsi: registered transport (iser)
[[0;32m  OK  [0m] Started Load Kernel Modules.
         Starting Apply Kernel Variables...
         Mounting FUSE Control File System...
[[0;32m  OK  [0m] Mounted FUSE Control File System.
[    4.428699] random: nonblocking pool is initialized
[[0;32m  OK  [0m] Started Apply Kernel Variables.
[[0;32m  OK  [0m] Started udev Coldplug all Devices.
[[0;32m  OK  [0m] Started Set console keymap.
[[0;32m  OK  [0m] Started Dispatch Password Requests to Console Directory Watch.
[[0;32m  OK  [0m] Found device /dev/ttyS0.
[[0;32m  OK  [0m] Listening on Load/Save RF Kill Switch Status /dev/rfkill Watch.
[[0;32m  OK  [0m] Started Monitoring of LVM2 mirrors,...ng dmeventd or progress polling.
[[0;32m  OK  [0m] Reached target Local File Systems (Pre).
[[0;32m  OK  [0m] Reached target Local File Systems.
         Starting Tell Plymouth To Write Out Runtime Data...
         Starting Commit a transient machine-id on disk...
         Starting Set console font and keymap...
         Starting Create Volatile Files and Directories...
         Starting Initial cloud-init job (pre-networking)...
         Starting LSB: AppArmor initialization...
[[0;32m  OK  [0m] Started Commit a transient machine-id on disk.
[[0;32m  OK  [0m] Started Tell Plymouth To Write Out Runtime Data.
[[0;32m  OK  [0m] Started Create Volatile Files and Directories.
         Starting Update UTMP about System Boot/Shutdown...
[[0;32m  OK  [0m] Started Update UTMP about System Boot/Shutdown.
[[0;32m  OK  [0m] Started Set console font and keymap.
[[0;32m  OK  [0m] Created slice system-getty.slice.
[    6.277538] cloud-init[596]: Cloud-init v. 21.1-19-gbad84ad4-0ubuntu1~16.04.2 running 'init-local' at Wed, 18 Aug 2021 17:34:35 +0000. Up 5.83 seconds.
[[0;32m  OK  [0m] Started Initial cloud-init job (pre-networking).
[[0;32m  OK  [0m] Reached target Network (Pre).
[[0;32m  OK  [0m] Started LSB: AppArmor initialization.
         Starting Load AppArmor profiles managed internally by snapd...
         Starting Raise network interfaces...
[[0;32m  OK  [0m] Started Load AppArmor profiles managed internally by snapd.
[[0;32m  OK  [0m] Started Raise network interfaces.
[[0;32m  OK  [0m] Reached target Network.
         Starting Initial cloud-init job (metadata service crawler)...
[    7.596593] cloud-init[948]: Cloud-init v. 21.1-19-gbad84ad4-0ubuntu1~16.04.2 running 'init' at Wed, 18 Aug 2021 17:34:36 +0000. Up 6.98 seconds.
[    7.598269] cloud-init[948]: ci-info: ++++++++++++++++++++++++++++++++++++++Net device info++++++++++++++++++++++++++++++++++++++
[    7.600241] cloud-init[948]: ci-info: +--------+------+----------------------------+---------------+--------+-------------------+
[    7.604239] cloud-init[948]: ci-info: | Device |  Up  |          Address           |      Mask     | Scope  |     Hw-Address    |
[    7.609178] cloud-init[948]: ci-info: +--------+------+----------------------------+---------------+--------+-------------------+
[    7.610679] cloud-init[948]: ci-info: | enp0s3 | True |         10.0.2.15          | 255.255.255.0 | global | 02:a0:46:b5:71:eb |
[    7.616993] cloud-init[948]: ci-info: | enp0s3 | True | fe80::a0:46ff:feb5:71eb/64 |       .       |  link  | 02:a0:46:b5:71:eb |
[    7.618523] cloud-init[948]: ci-info: |   lo   | True |         127.0.0.1          |   255.0.0.0   |  host  |         .         |
[    7.620041] cloud-init[948]: ci-info: |   lo   | True |          ::1/128           |       .       |  host  |         .         |
[    7.621524] cloud-init[948]: ci-info: +--------+------+----------------------------+---------------+--------+-------------------+
[    7.624724] cloud-init[948]: ci-info: +++++++++++++++++++++++++++Route IPv4 info++++++++++++++++++++++++++++
[    7.628677] cloud-init[948]: ci-info: +-------+-------------+----------+---------------+-----------+-------+
[    7.632613] cloud-init[948]: ci-info: | Route | Destination | Gateway  |    Genmask    | Interface | Flags |
[    7.633951] cloud-init[948]: ci-info: +-------+-------------+----------+---------------+-----------+-------+
[    7.636404] cloud-init[948]: ci-info: |   0   |   0.0.0.0   | 10.0.2.2 |    0.0.0.0    |   enp0s3  |   UG  |
[    7.640371] cloud-init[948]: ci-info: |   1   |   10.0.2.0  | 0.0.0.0  | 255.255.255.0 |   enp0s3  |   U   |
[    7.641682] cloud-init[948]: ci-info: +-------+-------------+----------+---------------+-----------+-------+
[    7.644231] cloud-init[948]: ci-info: +++++++++++++++++++Route IPv6 info+++++++++++++++++++
[    7.648221] cloud-init[948]: ci-info: +-------+-------------+---------+-----------+-------+
[    7.649437] cloud-init[948]: ci-info: | Route | Destination | Gateway | Interface | Flags |
[    7.653210] cloud-init[948]: ci-info: +-------+-------------+---------+-----------+-------+
[    7.654382] cloud-init[948]: ci-info: |   0   |  fe80::/64  |    ::   |   enp0s3  |   U   |
[    7.655591] cloud-init[948]: ci-info: |   3   |   ff00::/8  |    ::   |   enp0s3  |   U   |
[    7.661984] cloud-init[948]: ci-info: +-------+-------------+---------+-----------+-------+
[    7.663215] cloud-init[948]: Generating public/private rsa key pair.
[    7.664249] cloud-init[948]: Your identification has been saved in /etc/ssh/ssh_host_rsa_key.
[    7.665433] cloud-init[948]: Your public key has been saved in /etc/ssh/ssh_host_rsa_key.pub.
[[0;32m  OK  [0m] Started Initial cloud-init job (metadata service crawler).
[[0;32m  OK  [0m] Reached target Network is Online.
         Starting iSCSI initiator daemon (iscsid)...
[    7.670315] cloud-init[948]: The key fingerprint is:
[[0;32m  OK  [0m] Reached target System Initialization.
[    7.672011] cloud-init[948]: SHA256:W8C3tXsEJS1ZF7HGtN12fHrTqASQVpyw44Fgtixml1I root@ubuntu-xenial
[[0;32m  OK  [0m] Listening on D-Bus System Message Bus Socket.
[    7.675105] cloud-init[948]: [[0;32m  OK  [0m] Listening on UUID daemon activation socket.
[[0;32m  OK  [0m] Started Daily apt download activities.
[[0;32m  OK  [0m] Started Daily apt upgrade and clean activities.
[[0;32m  OK  [0m] Started Daily Cleanup of Temporary Directories.
[[0;32m  OK  [0m] Started Ubuntu Advantage update messaging.The key's randomart image is:
[    7.681443] cloud-init[948]: +---[RSA 2048]----+
[    7.683744] cloud-init[948]: |    E   o=...+o++|
[    7.685375] cloud-init[948]: |   = + oooo oo+o=|
[    7.686093] cloud-init[948]: |  = = ..* o o. =B|
[    7.686861] cloud-init[948]: | o +   . = + o.++|
[    7.687569] cloud-init[948]: |        S o o +.o|
         Starting Socket activation for snappy daemon.

[[0;32m  OK  [0m] Started ACPI Events Check.
[[0;32m  OK  [0m] Reached target Paths.
[[0;32m  OK  [0m] Listening on ACPID Listen Socket.
[[0;32m  OK  [0m] Started Message of the Day.
[[0;32m  OK  [0m] Reached target Timers.
[    7.689906] cloud-init[948]: |         o . + ..|
         Starting LXD - unix socket.
[    7.694642] cloud-init[948]: |        .   o .  |
[[0;32m  OK  [0m] Reached target Cloud-config availability.[    7.696207] cloud-init[948]: |             .   |
[    7.696785] cloud-init[948]: |                 |
[    7.697374] cloud-init[948]: +----[SHA256]-----+
[    7.697965] cloud-init[948]: Generating public/private dsa key pair.
[    7.698677] cloud-init[948]: Your identification has been saved in /etc/ssh/ssh_host_dsa_key.
[    7.699586] cloud-init[948]: Your public key has been saved in /etc/ssh/ssh_host_dsa_key.pub.
[[0;32m  OK  [0m] Listening on Socket activation for snappy daemon.
[[0;32m  OK  [0m] Listening on LXD - unix socket.
[[0;32m  OK  [0m] Reached target Sockets.
[[0;32m  OK  [0m] Reached target Basic System.
         Starting Accounts Service...
         Starting LSB: Record successful boot for GRUB...
         Starting Virtualbox guest utils...
         Starting LXD - container startup/shutdown...
[    7.708687] cloud-init[948]: The key fingerprint is:
[    7.709484] cloud-init[948]: SHA256:CP1KNn9YfQoKH54bLzrHTq2hrpYeNYu+hubBOwdZI3A root@ubuntu-xenial
[    7.710717] cloud-init[948]: The key's randomart image is:
[    7.712298] cloud-init[948]: +---[DSA 1024]----+
[    7.713021] cloud-init[948]: |                 |
[[0;32m  OK  [0m] Started FUSE filesystem for LXC.

[    7.718353]          Starting Login Service...
         Starting LSB: MD monitoring daemon...
         Starting Pollinate to seed the pseudo random number generator...
         Starting /etc/rc.local Compatibility...
         Starting System Logging Service...
[[0;32m  OK  [0m] Started ACPI event daemon.
[[0;32m  OK  [0m] Started D-Bus System Message Bus.
cloud-init[948]: |. E  .           |
[    7.755338] cloud-init[948]: | o  . .          |
[    7.758969] cloud-init[948]: |  . o. o   .     |
[    7.759922] cloud-init[948]: |   + .O S o . .  |
[    7.761868] cloud-init[948]: | .o  = X B . o   |
[    7.763066] cloud-init[948]: |  ooo.o.@ o .    |
[    7.763905] cloud-init[948]: |  ++=..o+B       |
[    7.765072] cloud-init[948]: | oo*=++=+..      |
[    7.765919] cloud-init[948]: +----[SHA256]-----+
[    7.766788] cloud-init[948]: Generating public/private ecdsa key pair.
[    7.767902] cloud-init[948]: Your identification has been saved in /etc/ssh/ssh_host_ecdsa_key.
[    7.773199] cloud-init[948]: Your public key has been saved in /etc/ssh/ssh_host_ecdsa_key.pub.
[    7.775935] cloud-init[948]: The key fingerprint is:
[    7.777730] cloud-init[948]: SHA256:a2ZS73XxHb5iLQL2/1UDy9pR/iu30GYUW4wuAdvj3fA root@ubuntu-xenial
[    7.779756] cloud-init[948]: The key's randomart image is:
[    7.780907] cloud-init[948]: +---[ECDSA 256]---+
[    7.782750] cloud-init[948]: |          .      |
[    7.786790] cloud-init[948]: |           +   o |
[    7.788056] cloud-init[948]: |          . +.ooo|
[    7.789519] cloud-init[948]: |           ..==++|
[    7.790346] cloud-init[948]: |        S   o++*E|
[    7.797905] cloud-init[948]: |       . =  o.=o*|
[    7.798906] cloud-init[948]: |      . * +..oo==|
[    7.800007] cloud-init[948]: |       = . + *+o+|
[    7.801336] cloud-init[948]: |          . +.*=.|
[    7.811549] cloud-init[948]: +----[SHA256]-----+
[    7.812736] cloud-init[948]: Generating public/private ed25519 key pair.
[    7.814476] cloud-init[948]: Your identification has been saved in /etc/ssh/ssh_host_ed25519_key.
[    7.815674] cloud-init[948]: Your public key has been saved in /etc/ssh/ssh_host_ed25519_key.pub.
[    7.821244] cloud-init[948]: The key fingerprint is:
[    7.823366] cloud-init[948]: SHA256:WYPsZtaf1NDFMVtB4dsG4YodXd38cJ4wa+xMnU/gwBg root@ubuntu-xenial
[    7.825235] cloud-init[948]: The key's randomart image is:
[    7.826333] cloud-init[948]: +--[ED25519 256]--+
[    7.827660] cloud-init[948]: |          E+  oOX|
[    7.828569] cloud-init[948]: |       . .. o*++X|
[    7.833973] cloud-init[948]: |        o o +oXB+|
[    7.835679] cloud-init[948]: |       . + + X.=*|
[    7.838442] cloud-init[948]: |        S o O .o+|
[    7.839981] cloud-init[948]: |       +   o + ..|
[    7.841068] cloud-init[948]: |            o    |
[    7.842318] cloud-init[948]: |                 |
[    7.846260] cloud-init[948]: [[0;32m  OK  [0m] Started Regular background program processing daemon.
|                 |[[0;32m  OK  [0m] Started Deferred execution scheduler.
         Starting Snap Daemon...
[[0;32m  OK  [0m] Started System Logging Service.
[[0;32m  OK  [0m] Started iSCSI initiator daemon (iscsid).
[[0;32m  OK  [0m] Started /etc/rc.local Compatibility.

[    7.861472] cloud-init[948]: +----[SHA256]-----+
         Starting Login to default iSCSI targets...
[[0;32m  OK  [0m] Started Login Service.
[[0;32m  OK  [0m] Started Unattended Upgrades Shutdown.
         Starting Authenticate and Authorize Users to Run Privileged Tasks...
[[0;32m  OK  [0m] Started LSB: Record successful boot for GRUB.
[[0;32m  OK  [0m] Started Login to default iSCSI targets.
[[0;32m  OK  [0m] Reached target Remote File Systems (Pre).
[[0;32m  OK  [0m] Reached target Remote File Systems.
         Starting LSB: daemon to balance interrupts for SMP systems...
         Starting LSB: Set the CPU Frequency Scaling governor to "ondemand"...
         Starting Permit User Sessions...
         Starting LSB: automatic crash report generation...
[[0;32m  OK  [0m] Started LSB: Set the CPU Frequency Scaling governor to "ondemand".
[[0;32m  OK  [0m] Started LSB: MD monitoring daemon.
[[0;32m  OK  [0m] Started Permit User Sessions.
         Starting Hold until boot process finishes up...
         Starting Terminate Plymouth Boot Screen...
[[0;32m  OK  [0m] Started Hold until boot process finishes up.
[[0;32m  OK  [0m] Started Serial Getty on ttyS0.
[[0;32m  OK  [0m] Started Getty on tty1.
[[0;32m  OK  [0m] Reached target Login Prompts.
         Starting Set console scheme...
[[0;32m  OK  [0m] Started Terminate Plymouth Boot Screen.
[[0;32m  OK  [0m] Started Set console scheme.
[[0;32m  OK  [0m] Started Authenticate and Authorize Users to Run Privileged Tasks.
[[0;32m  OK  [0m] Started Accounts Service.
[[0;32m  OK  [0m] Started LSB: daemon to balance interrupts for SMP systems.
[[0;32m  OK  [0m] Started LSB: automatic crash report generation.
[[0;32m  OK  [0m] Started LXD - container startup/shutdown.
[[0;32m  OK  [0m] Started Virtualbox guest utils.
[[0;32m  OK  [0m] Started Snap Daemon.
         Starting Wait until snapd is fully seeded...
[[0;32m  OK  [0m] Started Pollinate to seed the pseudo random number generator.
         Starting OpenBSD Secure Shell server...
[[0;32m  OK  [0m] Started OpenBSD Secure Shell server.
[[0;32m  OK  [0m] Started Wait until snapd is fully seeded.
[[0;32m  OK  [0m] Reached target Multi-User System.
[[0;32m  OK  [0m] Reached target Graphical Interface.
         Starting Update UTMP about System Runlevel Changes...
         Starting Apply the settings specified in cloud-config...
[[0;32m  OK  [0m] Started Update UTMP about System Runlevel Changes.
[   10.839794] cloud-init[1305]: Generating locales (this might take a while)...
[   11.448557] cloud-init[1305]:   en_US.UTF-8... done
[   11.450076] cloud-init[1305]: Generation complete.
[[0;32m  OK  [0m] Created slice User Slice of vagrant.
         Starting User Manager for UID 1000...
[[0;32m  OK  [0m] Started Session 1 of user vagrant.
[[0;32m  OK  [0m] Started User Manager for UID 1000.
[   11.857852] cloud-init[1305]: Cloud-init v. 21.1-19-gbad84ad4-0ubuntu1~16.04.2 running 'modules:config' at Wed, 18 Aug 2021 17:34:40 +0000. Up 10.75 seconds.
[[0;32m  OK  [0m] Started Apply the settings specified in cloud-config.
         Starting Execute cloud user/final scripts...
ci-info: no authorized SSH keys fingerprints found for user ubuntu.
<14>Aug 18 17:34:42 ec2: 
<14>Aug 18 17:34:42 ec2: #############################################################
<14>Aug 18 17:34:42 ec2: -----BEGIN SSH HOST KEY FINGERPRINTS-----
<14>Aug 18 17:34:42 ec2: 1024 SHA256:CP1KNn9YfQoKH54bLzrHTq2hrpYeNYu+hubBOwdZI3A root@ubuntu-xenial (DSA)
<14>Aug 18 17:34:42 ec2: 256 SHA256:a2ZS73XxHb5iLQL2/1UDy9pR/iu30GYUW4wuAdvj3fA root@ubuntu-xenial (ECDSA)
<14>Aug 18 17:34:42 ec2: 256 SHA256:WYPsZtaf1NDFMVtB4dsG4YodXd38cJ4wa+xMnU/gwBg root@ubuntu-xenial (ED25519)
<14>Aug 18 17:34:42 ec2: 2048 SHA256:W8C3tXsEJS1ZF7HGtN12fHrTqASQVpyw44Fgtixml1I root@ubuntu-xenial (RSA)
<14>Aug 18 17:34:42 ec2: -----END SSH HOST KEY FINGERPRINTS-----
<14>Aug 18 17:34:42 ec2: #############################################################
-----BEGIN SSH HOST KEY KEYS-----
ecdsa-sha2-nistp256 AAAAE2VjZHNhLXNoYTItbmlzdHAyNTYAAAAIbmlzdHAyNTYAAABBBPnDjWpsU3w5Hk+E6el8E43c6Gh7EzDuJdREJ5T/WXRlI/ZdgsGtUYud3XuJadgm31F4yfE29BdVMWirhu5fznI= root@ubuntu-xenial
ssh-ed25519 AAAAC3NzaC1lZDI1NTE5AAAAIEnigcP4eUrPoFyqBd2ol2224Yzfy0ryRu240fJzFPNF root@ubuntu-xenial
ssh-rsa AAAAB3NzaC1yc2EAAAADAQABAAABAQDN0FUpwYHXgFVowDrsiSgtSyzst7SZHmuXvr0bQAytH6GAcwY34iInrw82r18eM6xIWoa0TsWt2EmmgcyDrrTEcaxQNhLw/fD7EnMo2UCk1ZyrBy7PMt1eBmq1/NH6y+TbYZYsfDkfWbgfHysmXa4ZRMJySs2RopRTHlXtNhxsZJqnQ2o7YrmQNN7z5h5y7jQWCpco8Z8KaHVj2wq9DKTciORIX9X9W6qR/PDvpd7kC00RsBk3FFZCNIvcsKdTisJsOf1X6jzKMbNoYeSKiPe2jYHSd2g0YaSHz5uqKKspM6BJ7Jr0hSq0BizBFGAw8cPJ7BqqsO2FTpmTgz1Ipiuj root@ubuntu-xenial
-----END SSH HOST KEY KEYS-----
[   12.749924] cloud-init[1388]: Cloud-init v. 21.1-19-gbad84ad4-0ubuntu1~16.04.2 running 'modules:final' at Wed, 18 Aug 2021 17:34:42 +0000. Up 12.45 seconds.
[   12.751621] cloud-init[1388]: ci-info: no authorized SSH keys fingerprints found for user ubuntu.
[   12.757430] cloud-init[1388]: Cloud-init v. 21.1-19-gbad84ad4-0ubuntu1~16.04.2 finished at Wed, 18 Aug 2021 17:34:42 +0000. Datasource DataSourceNoCloud [seed=/dev/sdb][dsmode=net].  Up 12.73 seconds
[[0;32m  OK  [0m] Started Execute cloud user/final scripts.
[[0;32m  OK  [0m] Reached target Cloud-init target.

Ubuntu 16.04.7 LTS ubuntu-xenial ttyS0

ubuntu-xenial login: 